<?xml version="1.0" encoding="UTF-8"?>
<testsuite name="com.example.demo.SampleControllerApiDocumentationTest" tests="5" skipped="0" failures="0" errors="0" timestamp="2024-11-01T02:52:07" hostname="itaeyun-ui-MacBookAir.local" time="3.138">
  <properties/>
  <testcase name="getAllSamples()" classname="com.example.demo.SampleControllerApiDocumentationTest" time="2.689"/>
  <testcase name="getSamplesByName()" classname="com.example.demo.SampleControllerApiDocumentationTest" time="0.118"/>
  <testcase name="getSamplesByDescription()" classname="com.example.demo.SampleControllerApiDocumentationTest" time="0.084"/>
  <testcase name="getSampleById()" classname="com.example.demo.SampleControllerApiDocumentationTest" time="0.112"/>
  <testcase name="createSample()" classname="com.example.demo.SampleControllerApiDocumentationTest" time="0.128"/>
  <system-out><![CDATA[11:52:09.282 [Test worker] INFO org.hibernate.validator.internal.util.Version -- HV000001: Hibernate Validator 8.0.1.Final
11:52:10.032 [Test worker] INFO org.springframework.mock.web.MockServletContext -- Initializing Spring TestDispatcherServlet ''
11:52:10.033 [Test worker] INFO org.springframework.test.web.servlet.TestDispatcherServlet -- Initializing Servlet ''
11:52:10.035 [Test worker] INFO org.springframework.test.web.servlet.TestDispatcherServlet -- Completed initialization in 1 ms

MockHttpServletRequest:
      HTTP Method = GET
      Request URI = /api/v1/samples
       Parameters = {}
          Headers = []
             Body = <no character encoding set>
    Session Attrs = {}

Handler:
             Type = com.example.demo.example.controller.SampleController
           Method = com.example.demo.example.controller.SampleController#getAllSamples()

Async:
    Async started = false
     Async result = null

Resolved Exception:
             Type = null

ModelAndView:
        View name = null
             View = null
            Model = null

FlashMap:
       Attributes = null

MockHttpServletResponse:
           Status = 200
    Error message = null
          Headers = [Content-Type:"application/json"]
     Content type = application/json
             Body = {"status":200,"message":null,"data":[{"id":1,"name":"Sample Name","description":"Sample Description"}]}
    Forwarded URL = null
   Redirected URL = null
          Cookies = []
11:52:10.636 [Test worker] INFO org.springframework.mock.web.MockServletContext -- Initializing Spring TestDispatcherServlet ''
11:52:10.636 [Test worker] INFO org.springframework.test.web.servlet.TestDispatcherServlet -- Initializing Servlet ''
11:52:10.636 [Test worker] INFO org.springframework.test.web.servlet.TestDispatcherServlet -- Completed initialization in 0 ms

MockHttpServletRequest:
      HTTP Method = GET
      Request URI = /api/v1/samples/searchByName
       Parameters = {name=[Sample Name]}
          Headers = []
             Body = <no character encoding set>
    Session Attrs = {}

Handler:
             Type = com.example.demo.example.controller.SampleController
           Method = com.example.demo.example.controller.SampleController#getSamplesByName(String)

Async:
    Async started = false
     Async result = null

Resolved Exception:
             Type = null

ModelAndView:
        View name = null
             View = null
            Model = null

FlashMap:
       Attributes = null

MockHttpServletResponse:
           Status = 200
    Error message = null
          Headers = [Content-Type:"application/json"]
     Content type = application/json
             Body = {"status":200,"message":null,"data":[{"id":1,"name":"Sample Name","description":"Sample Description"}]}
    Forwarded URL = null
   Redirected URL = null
          Cookies = []
11:52:10.757 [Test worker] INFO org.springframework.mock.web.MockServletContext -- Initializing Spring TestDispatcherServlet ''
11:52:10.757 [Test worker] INFO org.springframework.test.web.servlet.TestDispatcherServlet -- Initializing Servlet ''
11:52:10.757 [Test worker] INFO org.springframework.test.web.servlet.TestDispatcherServlet -- Completed initialization in 0 ms

MockHttpServletRequest:
      HTTP Method = GET
      Request URI = /api/v1/samples/searchByDescription
       Parameters = {description=[Sample Description]}
          Headers = []
             Body = <no character encoding set>
    Session Attrs = {}

Handler:
             Type = com.example.demo.example.controller.SampleController
           Method = com.example.demo.example.controller.SampleController#getSamplesByDescription(String)

Async:
    Async started = false
     Async result = null

Resolved Exception:
             Type = null

ModelAndView:
        View name = null
             View = null
            Model = null

FlashMap:
       Attributes = null

MockHttpServletResponse:
           Status = 200
    Error message = null
          Headers = [Content-Type:"application/json"]
     Content type = application/json
             Body = {"status":200,"message":null,"data":[{"id":1,"name":"Sample Name","description":"Sample Description"}]}
    Forwarded URL = null
   Redirected URL = null
          Cookies = []
11:52:10.853 [Test worker] INFO org.springframework.mock.web.MockServletContext -- Initializing Spring TestDispatcherServlet ''
11:52:10.854 [Test worker] INFO org.springframework.test.web.servlet.TestDispatcherServlet -- Initializing Servlet ''
11:52:10.854 [Test worker] INFO org.springframework.test.web.servlet.TestDispatcherServlet -- Completed initialization in 0 ms

MockHttpServletRequest:
      HTTP Method = GET
      Request URI = /api/v1/samples/1
       Parameters = {}
          Headers = []
             Body = <no character encoding set>
    Session Attrs = {}

Handler:
             Type = com.example.demo.example.controller.SampleController
           Method = com.example.demo.example.controller.SampleController#getSampleById(Long)

Async:
    Async started = false
     Async result = null

Resolved Exception:
             Type = null

ModelAndView:
        View name = null
             View = null
            Model = null

FlashMap:
       Attributes = null

MockHttpServletResponse:
           Status = 200
    Error message = null
          Headers = [Content-Type:"application/json"]
     Content type = application/json
             Body = {"status":200,"message":null,"data":{"id":1,"name":"Sample Name","description":"Sample Description"}}
    Forwarded URL = null
   Redirected URL = null
          Cookies = []
11:52:10.956 [Test worker] INFO org.springframework.mock.web.MockServletContext -- Initializing Spring TestDispatcherServlet ''
11:52:10.957 [Test worker] INFO org.springframework.test.web.servlet.TestDispatcherServlet -- Initializing Servlet ''
11:52:10.957 [Test worker] INFO org.springframework.test.web.servlet.TestDispatcherServlet -- Completed initialization in 0 ms

MockHttpServletRequest:
      HTTP Method = POST
      Request URI = /api/v1/samples
       Parameters = {}
          Headers = [Content-Type:"application/json", Content-Length:"60"]
             Body = <no character encoding set>
    Session Attrs = {}

Handler:
             Type = com.example.demo.example.controller.SampleController
           Method = com.example.demo.example.controller.SampleController#createSample(SampleRequest)

Async:
    Async started = false
     Async result = null

Resolved Exception:
             Type = null

ModelAndView:
        View name = null
             View = null
            Model = null

FlashMap:
       Attributes = null

MockHttpServletResponse:
           Status = 200
    Error message = null
          Headers = [Content-Type:"application/json"]
     Content type = application/json
             Body = {"status":201,"message":"Sample created successfully","data":null}
    Forwarded URL = null
   Redirected URL = null
          Cookies = []
]]></system-out>
  <system-err><![CDATA[]]></system-err>
</testsuite>
