<?xml version="1.0" encoding="UTF-8"?>
<testsuite name="com.example.demo.SampleControllerRestDocsTest" tests="5" skipped="0" failures="0" errors="0" timestamp="2024-10-31T08:18:41" hostname="itaeyun-ui-MacBookAir.local" time="2.106">
  <properties/>
  <testcase name="getAllSamples()" classname="com.example.demo.SampleControllerRestDocsTest" time="1.88"/>
  <testcase name="getSamplesByName()" classname="com.example.demo.SampleControllerRestDocsTest" time="0.064"/>
  <testcase name="getSamplesByDescription()" classname="com.example.demo.SampleControllerRestDocsTest" time="0.039"/>
  <testcase name="getSampleById()" classname="com.example.demo.SampleControllerRestDocsTest" time="0.04"/>
  <testcase name="createSample()" classname="com.example.demo.SampleControllerRestDocsTest" time="0.073"/>
  <system-out><![CDATA[17:18:43.109 [Test worker] INFO org.springframework.mock.web.MockServletContext -- Initializing Spring TestDispatcherServlet ''
17:18:43.112 [Test worker] INFO org.springframework.test.web.servlet.TestDispatcherServlet -- Initializing Servlet ''
17:18:43.115 [Test worker] INFO org.springframework.test.web.servlet.TestDispatcherServlet -- Completed initialization in 2 ms

MockHttpServletRequest:
      HTTP Method = GET
      Request URI = /api/v1/samples
       Parameters = {}
          Headers = []
             Body = <no character encoding set>
    Session Attrs = {}

Handler:
             Type = com.example.demo.example.controller.SampleController
           Method = com.example.demo.example.controller.SampleController#getAllSamples()

Async:
    Async started = false
     Async result = null

Resolved Exception:
             Type = null

ModelAndView:
        View name = null
             View = null
            Model = null

FlashMap:
       Attributes = null

MockHttpServletResponse:
           Status = 200
    Error message = null
          Headers = [Content-Type:"application/json"]
     Content type = application/json
             Body = {"status":200,"message":null,"data":[{"id":1,"name":"Sample Name","description":"Sample Description"}]}
    Forwarded URL = null
   Redirected URL = null
          Cookies = []
17:18:43.333 [Test worker] INFO org.springframework.mock.web.MockServletContext -- Initializing Spring TestDispatcherServlet ''
17:18:43.333 [Test worker] INFO org.springframework.test.web.servlet.TestDispatcherServlet -- Initializing Servlet ''
17:18:43.333 [Test worker] INFO org.springframework.test.web.servlet.TestDispatcherServlet -- Completed initialization in 0 ms

MockHttpServletRequest:
      HTTP Method = GET
      Request URI = /api/v1/samples/searchByName
       Parameters = {name=[Sample Name]}
          Headers = []
             Body = <no character encoding set>
    Session Attrs = {}

Handler:
             Type = com.example.demo.example.controller.SampleController
           Method = com.example.demo.example.controller.SampleController#getSamplesByName(String)

Async:
    Async started = false
     Async result = null

Resolved Exception:
             Type = null

ModelAndView:
        View name = null
             View = null
            Model = null

FlashMap:
       Attributes = null

MockHttpServletResponse:
           Status = 200
    Error message = null
          Headers = [Content-Type:"application/json"]
     Content type = application/json
             Body = {"status":200,"message":null,"data":[{"id":1,"name":"Sample Name","description":"Sample Description"}]}
    Forwarded URL = null
   Redirected URL = null
          Cookies = []
17:18:43.394 [Test worker] INFO org.springframework.mock.web.MockServletContext -- Initializing Spring TestDispatcherServlet ''
17:18:43.395 [Test worker] INFO org.springframework.test.web.servlet.TestDispatcherServlet -- Initializing Servlet ''
17:18:43.395 [Test worker] INFO org.springframework.test.web.servlet.TestDispatcherServlet -- Completed initialization in 0 ms

MockHttpServletRequest:
      HTTP Method = GET
      Request URI = /api/v1/samples/searchByDescription
       Parameters = {description=[Sample Description]}
          Headers = []
             Body = <no character encoding set>
    Session Attrs = {}

Handler:
             Type = com.example.demo.example.controller.SampleController
           Method = com.example.demo.example.controller.SampleController#getSamplesByDescription(String)

Async:
    Async started = false
     Async result = null

Resolved Exception:
             Type = null

ModelAndView:
        View name = null
             View = null
            Model = null

FlashMap:
       Attributes = null

MockHttpServletResponse:
           Status = 200
    Error message = null
          Headers = [Content-Type:"application/json"]
     Content type = application/json
             Body = {"status":200,"message":null,"data":[{"id":1,"name":"Sample Name","description":"Sample Description"}]}
    Forwarded URL = null
   Redirected URL = null
          Cookies = []
17:18:43.434 [Test worker] INFO org.springframework.mock.web.MockServletContext -- Initializing Spring TestDispatcherServlet ''
17:18:43.434 [Test worker] INFO org.springframework.test.web.servlet.TestDispatcherServlet -- Initializing Servlet ''
17:18:43.434 [Test worker] INFO org.springframework.test.web.servlet.TestDispatcherServlet -- Completed initialization in 0 ms

MockHttpServletRequest:
      HTTP Method = GET
      Request URI = /api/v1/samples/1
       Parameters = {}
          Headers = []
             Body = <no character encoding set>
    Session Attrs = {}

Handler:
             Type = com.example.demo.example.controller.SampleController
           Method = com.example.demo.example.controller.SampleController#getSampleById(Long)

Async:
    Async started = false
     Async result = null

Resolved Exception:
             Type = null

ModelAndView:
        View name = null
             View = null
            Model = null

FlashMap:
       Attributes = null

MockHttpServletResponse:
           Status = 200
    Error message = null
          Headers = [Content-Type:"application/json"]
     Content type = application/json
             Body = {"status":200,"message":null,"data":{"id":1,"name":"Sample Name","description":"Sample Description"}}
    Forwarded URL = null
   Redirected URL = null
          Cookies = []
17:18:43.475 [Test worker] INFO org.springframework.mock.web.MockServletContext -- Initializing Spring TestDispatcherServlet ''
17:18:43.475 [Test worker] INFO org.springframework.test.web.servlet.TestDispatcherServlet -- Initializing Servlet ''
17:18:43.475 [Test worker] INFO org.springframework.test.web.servlet.TestDispatcherServlet -- Completed initialization in 0 ms

MockHttpServletRequest:
      HTTP Method = POST
      Request URI = /api/v1/samples
       Parameters = {}
          Headers = [Content-Type:"application/json", Content-Length:"60"]
             Body = <no character encoding set>
    Session Attrs = {}

Handler:
             Type = com.example.demo.example.controller.SampleController
           Method = com.example.demo.example.controller.SampleController#createSample(SampleRequest)

Async:
    Async started = false
     Async result = null

Resolved Exception:
             Type = null

ModelAndView:
        View name = null
             View = null
            Model = null

FlashMap:
       Attributes = null

MockHttpServletResponse:
           Status = 200
    Error message = null
          Headers = [Content-Type:"application/json"]
     Content type = application/json
             Body = {"status":201,"message":"Sample created successfully","data":null}
    Forwarded URL = null
   Redirected URL = null
          Cookies = []
]]></system-out>
  <system-err><![CDATA[]]></system-err>
</testsuite>
