<?xml version="1.0" encoding="UTF-8"?>
<testsuite name="com.example.demo.SampleControllerApiDocumentationTest" tests="5" skipped="0" failures="0" errors="0" timestamp="2024-11-05T01:43:35" hostname="itaeyun-ui-MacBookAir.local" time="4.52">
  <properties/>
  <testcase name="getAllSamples()" classname="com.example.demo.SampleControllerApiDocumentationTest" time="3.959"/>
  <testcase name="getSamplesByName()" classname="com.example.demo.SampleControllerApiDocumentationTest" time="0.201"/>
  <testcase name="getSamplesByDescription()" classname="com.example.demo.SampleControllerApiDocumentationTest" time="0.096"/>
  <testcase name="getSampleById()" classname="com.example.demo.SampleControllerApiDocumentationTest" time="0.079"/>
  <testcase name="createSample()" classname="com.example.demo.SampleControllerApiDocumentationTest" time="0.172"/>
  <system-out><![CDATA[10:43:36.920 [Test worker] INFO org.hibernate.validator.internal.util.Version -- HV000001: Hibernate Validator 8.0.1.Final
10:43:38.134 [Test worker] INFO org.springframework.mock.web.MockServletContext -- Initializing Spring TestDispatcherServlet ''
10:43:38.136 [Test worker] INFO org.springframework.test.web.servlet.TestDispatcherServlet -- Initializing Servlet ''
10:43:38.141 [Test worker] INFO org.springframework.test.web.servlet.TestDispatcherServlet -- Completed initialization in 4 ms

MockHttpServletRequest:
      HTTP Method = GET
      Request URI = /api/v1/samples
       Parameters = {}
          Headers = []
             Body = <no character encoding set>
    Session Attrs = {}

Handler:
             Type = com.example.demo.example.controller.SampleController
           Method = com.example.demo.example.controller.SampleController#getAllSamples()

Async:
    Async started = false
     Async result = null

Resolved Exception:
             Type = null

ModelAndView:
        View name = null
             View = null
            Model = null

FlashMap:
       Attributes = null

MockHttpServletResponse:
           Status = 200
    Error message = null
          Headers = [Content-Type:"application/json"]
     Content type = application/json
             Body = {"status":200,"message":null,"data":[{"id":1,"name":"Sample Name","description":"Sample Description"}]}
    Forwarded URL = null
   Redirected URL = null
          Cookies = []
10:43:39.367 [Test worker] INFO org.springframework.mock.web.MockServletContext -- Initializing Spring TestDispatcherServlet ''
10:43:39.367 [Test worker] INFO org.springframework.test.web.servlet.TestDispatcherServlet -- Initializing Servlet ''
10:43:39.368 [Test worker] INFO org.springframework.test.web.servlet.TestDispatcherServlet -- Completed initialization in 1 ms

MockHttpServletRequest:
      HTTP Method = GET
      Request URI = /api/v1/samples/searchByName
       Parameters = {name=[Sample Name]}
          Headers = []
             Body = <no character encoding set>
    Session Attrs = {}

Handler:
             Type = com.example.demo.example.controller.SampleController
           Method = com.example.demo.example.controller.SampleController#getSamplesByName(String)

Async:
    Async started = false
     Async result = null

Resolved Exception:
             Type = null

ModelAndView:
        View name = null
             View = null
            Model = null

FlashMap:
       Attributes = null

MockHttpServletResponse:
           Status = 200
    Error message = null
          Headers = [Content-Type:"application/json"]
     Content type = application/json
             Body = {"status":200,"message":null,"data":[{"id":1,"name":"Sample Name","description":"Sample Description"}]}
    Forwarded URL = null
   Redirected URL = null
          Cookies = []
10:43:39.560 [Test worker] INFO org.springframework.mock.web.MockServletContext -- Initializing Spring TestDispatcherServlet ''
10:43:39.560 [Test worker] INFO org.springframework.test.web.servlet.TestDispatcherServlet -- Initializing Servlet ''
10:43:39.560 [Test worker] INFO org.springframework.test.web.servlet.TestDispatcherServlet -- Completed initialization in 0 ms

MockHttpServletRequest:
      HTTP Method = GET
      Request URI = /api/v1/samples/searchByDescription
       Parameters = {description=[Sample Description]}
          Headers = []
             Body = <no character encoding set>
    Session Attrs = {}

Handler:
             Type = com.example.demo.example.controller.SampleController
           Method = com.example.demo.example.controller.SampleController#getSamplesByDescription(String)

Async:
    Async started = false
     Async result = null

Resolved Exception:
             Type = null

ModelAndView:
        View name = null
             View = null
            Model = null

FlashMap:
       Attributes = null

MockHttpServletResponse:
           Status = 200
    Error message = null
          Headers = [Content-Type:"application/json"]
     Content type = application/json
             Body = {"status":200,"message":null,"data":[{"id":1,"name":"Sample Name","description":"Sample Description"}]}
    Forwarded URL = null
   Redirected URL = null
          Cookies = []
10:43:39.654 [Test worker] INFO org.springframework.mock.web.MockServletContext -- Initializing Spring TestDispatcherServlet ''
10:43:39.655 [Test worker] INFO org.springframework.test.web.servlet.TestDispatcherServlet -- Initializing Servlet ''
10:43:39.655 [Test worker] INFO org.springframework.test.web.servlet.TestDispatcherServlet -- Completed initialization in 0 ms

MockHttpServletRequest:
      HTTP Method = GET
      Request URI = /api/v1/samples/1
       Parameters = {}
          Headers = []
             Body = <no character encoding set>
    Session Attrs = {}

Handler:
             Type = com.example.demo.example.controller.SampleController
           Method = com.example.demo.example.controller.SampleController#getSampleById(Long)

Async:
    Async started = false
     Async result = null

Resolved Exception:
             Type = null

ModelAndView:
        View name = null
             View = null
            Model = null

FlashMap:
       Attributes = null

MockHttpServletResponse:
           Status = 200
    Error message = null
          Headers = [Content-Type:"application/json"]
     Content type = application/json
             Body = {"status":200,"message":null,"data":{"id":1,"name":"Sample Name","description":"Sample Description"}}
    Forwarded URL = null
   Redirected URL = null
          Cookies = []
10:43:39.736 [Test worker] INFO org.springframework.mock.web.MockServletContext -- Initializing Spring TestDispatcherServlet ''
10:43:39.738 [Test worker] INFO org.springframework.test.web.servlet.TestDispatcherServlet -- Initializing Servlet ''
10:43:39.738 [Test worker] INFO org.springframework.test.web.servlet.TestDispatcherServlet -- Completed initialization in 0 ms

MockHttpServletRequest:
      HTTP Method = POST
      Request URI = /api/v1/samples
       Parameters = {}
          Headers = [Content-Type:"application/json", Content-Length:"60"]
             Body = <no character encoding set>
    Session Attrs = {}

Handler:
             Type = com.example.demo.example.controller.SampleController
           Method = com.example.demo.example.controller.SampleController#createSample(SampleRequest)

Async:
    Async started = false
     Async result = null

Resolved Exception:
             Type = null

ModelAndView:
        View name = null
             View = null
            Model = null

FlashMap:
       Attributes = null

MockHttpServletResponse:
           Status = 200
    Error message = null
          Headers = [Content-Type:"application/json"]
     Content type = application/json
             Body = {"status":201,"message":"Sample created successfully","data":null}
    Forwarded URL = null
   Redirected URL = null
          Cookies = []
]]></system-out>
  <system-err><![CDATA[WARNING: A Java agent has been loaded dynamically (/Users/taeyun/.gradle/caches/modules-2/files-2.1/net.bytebuddy/byte-buddy-agent/1.14.12/be4984cb6fd1ef1d11f218a648889dfda44b8a15/byte-buddy-agent-1.14.12.jar)
WARNING: If a serviceability tool is in use, please run with -XX:+EnableDynamicAgentLoading to hide this warning
WARNING: If a serviceability tool is not in use, please run with -Djdk.instrument.traceUsage for more information
WARNING: Dynamic loading of agents will be disallowed by default in a future release
]]></system-err>
</testsuite>
